[33mStarting up http-server, serving [39m[36m./[39m[33m
Available on:[39m
[32m  http://127.0.0.1:5554[39m
[32m  http://10.0.1.25:5554[39m
[32m  http://9.80.232.53:5554[39m
Hit CTRL-C to stop the server
[Thu Jul 21 2016 09:47:21 GMT-0400 (EDT)] "[36mGET[39m [36m/[39m" "Mozilla/5.0 (Macintosh; Intel Mac OS X 10_11_4) AppleWebKit/537.36 (KHTML, like Gecko) Chrome/51.0.2704.103 Safari/537.36"
[Thu Jul 21 2016 09:47:21 GMT-0400 (EDT)] "[36mGET[39m [36m/css/typography.css[39m" "Mozilla/5.0 (Macintosh; Intel Mac OS X 10_11_4) AppleWebKit/537.36 (KHTML, like Gecko) Chrome/51.0.2704.103 Safari/537.36"
[Thu Jul 21 2016 09:47:21 GMT-0400 (EDT)] "[36mGET[39m [36m/css/reset.css[39m" "Mozilla/5.0 (Macintosh; Intel Mac OS X 10_11_4) AppleWebKit/537.36 (KHTML, like Gecko) Chrome/51.0.2704.103 Safari/537.36"
[Thu Jul 21 2016 09:47:21 GMT-0400 (EDT)] "[31mGET[39m [31m/css/typography.css[39m" Error ([31m404[39m): "[31mNot found[39m"
[Thu Jul 21 2016 09:47:21 GMT-0400 (EDT)] "[31mGET[39m [31m/css/reset.css[39m" Error ([31m404[39m): "[31mNot found[39m"
[Thu Jul 21 2016 09:47:21 GMT-0400 (EDT)] "[36mGET[39m [36m/css/screen.css[39m" "Mozilla/5.0 (Macintosh; Intel Mac OS X 10_11_4) AppleWebKit/537.36 (KHTML, like Gecko) Chrome/51.0.2704.103 Safari/537.36"
[Thu Jul 21 2016 09:47:21 GMT-0400 (EDT)] "[31mGET[39m [31m/css/screen.css[39m" Error ([31m404[39m): "[31mNot found[39m"
[Thu Jul 21 2016 09:47:21 GMT-0400 (EDT)] "[36mGET[39m [36m/lib/object-assign-pollyfill.js[39m" "Mozilla/5.0 (Macintosh; Intel Mac OS X 10_11_4) AppleWebKit/537.36 (KHTML, like Gecko) Chrome/51.0.2704.103 Safari/537.36"
[Thu Jul 21 2016 09:47:21 GMT-0400 (EDT)] "[36mGET[39m [36m/lib/jquery-1.8.0.min.js[39m" "Mozilla/5.0 (Macintosh; Intel Mac OS X 10_11_4) AppleWebKit/537.36 (KHTML, like Gecko) Chrome/51.0.2704.103 Safari/537.36"
[Thu Jul 21 2016 09:47:21 GMT-0400 (EDT)] "[36mGET[39m [36m/lib/jquery.slideto.min.js[39m" "Mozilla/5.0 (Macintosh; Intel Mac OS X 10_11_4) AppleWebKit/537.36 (KHTML, like Gecko) Chrome/51.0.2704.103 Safari/537.36"
[Thu Jul 21 2016 09:47:21 GMT-0400 (EDT)] "[31mGET[39m [31m/lib/object-assign-pollyfill.js[39m" Error ([31m404[39m): "[31mNot found[39m"
[Thu Jul 21 2016 09:47:21 GMT-0400 (EDT)] "[31mGET[39m [31m/lib/jquery-1.8.0.min.js[39m" Error ([31m404[39m): "[31mNot found[39m"
[Thu Jul 21 2016 09:47:21 GMT-0400 (EDT)] "[36mGET[39m [36m/lib/jquery.wiggle.min.js[39m" "Mozilla/5.0 (Macintosh; Intel Mac OS X 10_11_4) AppleWebKit/537.36 (KHTML, like Gecko) Chrome/51.0.2704.103 Safari/537.36"
[Thu Jul 21 2016 09:47:21 GMT-0400 (EDT)] "[31mGET[39m [31m/lib/jquery.slideto.min.js[39m" Error ([31m404[39m): "[31mNot found[39m"
[Thu Jul 21 2016 09:47:21 GMT-0400 (EDT)] "[31mGET[39m [31m/lib/jquery.wiggle.min.js[39m" Error ([31m404[39m): "[31mNot found[39m"
[Thu Jul 21 2016 09:47:21 GMT-0400 (EDT)] "[36mGET[39m [36m/lib/jquery.ba-bbq.min.js[39m" "Mozilla/5.0 (Macintosh; Intel Mac OS X 10_11_4) AppleWebKit/537.36 (KHTML, like Gecko) Chrome/51.0.2704.103 Safari/537.36"
[Thu Jul 21 2016 09:47:21 GMT-0400 (EDT)] "[31mGET[39m [31m/lib/jquery.ba-bbq.min.js[39m" Error ([31m404[39m): "[31mNot found[39m"
[Thu Jul 21 2016 09:47:21 GMT-0400 (EDT)] "[36mGET[39m [36m/lib/handlebars-2.0.0.js[39m" "Mozilla/5.0 (Macintosh; Intel Mac OS X 10_11_4) AppleWebKit/537.36 (KHTML, like Gecko) Chrome/51.0.2704.103 Safari/537.36"
[Thu Jul 21 2016 09:47:21 GMT-0400 (EDT)] "[31mGET[39m [31m/lib/handlebars-2.0.0.js[39m" Error ([31m404[39m): "[31mNot found[39m"
[Thu Jul 21 2016 09:47:21 GMT-0400 (EDT)] "[36mGET[39m [36m/lib/lodash.min.js[39m" "Mozilla/5.0 (Macintosh; Intel Mac OS X 10_11_4) AppleWebKit/537.36 (KHTML, like Gecko) Chrome/51.0.2704.103 Safari/537.36"
[Thu Jul 21 2016 09:47:21 GMT-0400 (EDT)] "[31mGET[39m [31m/lib/lodash.min.js[39m" Error ([31m404[39m): "[31mNot found[39m"
[Thu Jul 21 2016 09:47:21 GMT-0400 (EDT)] "[36mGET[39m [36m/lib/backbone-min.js[39m" "Mozilla/5.0 (Macintosh; Intel Mac OS X 10_11_4) AppleWebKit/537.36 (KHTML, like Gecko) Chrome/51.0.2704.103 Safari/537.36"
[Thu Jul 21 2016 09:47:21 GMT-0400 (EDT)] "[36mGET[39m [36m/swagger-ui.js[39m" "Mozilla/5.0 (Macintosh; Intel Mac OS X 10_11_4) AppleWebKit/537.36 (KHTML, like Gecko) Chrome/51.0.2704.103 Safari/537.36"
[Thu Jul 21 2016 09:47:21 GMT-0400 (EDT)] "[31mGET[39m [31m/lib/backbone-min.js[39m" Error ([31m404[39m): "[31mNot found[39m"
[Thu Jul 21 2016 09:47:21 GMT-0400 (EDT)] "[31mGET[39m [31m/swagger-ui.js[39m" Error ([31m404[39m): "[31mNot found[39m"
[Thu Jul 21 2016 09:47:21 GMT-0400 (EDT)] "[36mGET[39m [36m/lib/highlight.9.1.0.pack.js[39m" "Mozilla/5.0 (Macintosh; Intel Mac OS X 10_11_4) AppleWebKit/537.36 (KHTML, like Gecko) Chrome/51.0.2704.103 Safari/537.36"
[Thu Jul 21 2016 09:47:21 GMT-0400 (EDT)] "[31mGET[39m [31m/lib/highlight.9.1.0.pack.js[39m" Error ([31m404[39m): "[31mNot found[39m"
[Thu Jul 21 2016 09:47:21 GMT-0400 (EDT)] "[36mGET[39m [36m/lib/highlight.9.1.0.pack_extended.js[39m" "Mozilla/5.0 (Macintosh; Intel Mac OS X 10_11_4) AppleWebKit/537.36 (KHTML, like Gecko) Chrome/51.0.2704.103 Safari/537.36"
[Thu Jul 21 2016 09:47:21 GMT-0400 (EDT)] "[31mGET[39m [31m/lib/highlight.9.1.0.pack_extended.js[39m" Error ([31m404[39m): "[31mNot found[39m"
[Thu Jul 21 2016 09:47:21 GMT-0400 (EDT)] "[36mGET[39m [36m/lib/jsoneditor.min.js[39m" "Mozilla/5.0 (Macintosh; Intel Mac OS X 10_11_4) AppleWebKit/537.36 (KHTML, like Gecko) Chrome/51.0.2704.103 Safari/537.36"
[Thu Jul 21 2016 09:47:21 GMT-0400 (EDT)] "[31mGET[39m [31m/lib/jsoneditor.min.js[39m" Error ([31m404[39m): "[31mNot found[39m"
[Thu Jul 21 2016 09:47:21 GMT-0400 (EDT)] "[36mGET[39m [36m/lib/marked.js[39m" "Mozilla/5.0 (Macintosh; Intel Mac OS X 10_11_4) AppleWebKit/537.36 (KHTML, like Gecko) Chrome/51.0.2704.103 Safari/537.36"
[Thu Jul 21 2016 09:47:21 GMT-0400 (EDT)] "[31mGET[39m [31m/lib/marked.js[39m" Error ([31m404[39m): "[31mNot found[39m"
[Thu Jul 21 2016 09:47:21 GMT-0400 (EDT)] "[36mGET[39m [36m/lib/swagger-oauth.js[39m" "Mozilla/5.0 (Macintosh; Intel Mac OS X 10_11_4) AppleWebKit/537.36 (KHTML, like Gecko) Chrome/51.0.2704.103 Safari/537.36"
[Thu Jul 21 2016 09:47:21 GMT-0400 (EDT)] "[36mGET[39m [36m/images/logo_small.png[39m" "Mozilla/5.0 (Macintosh; Intel Mac OS X 10_11_4) AppleWebKit/537.36 (KHTML, like Gecko) Chrome/51.0.2704.103 Safari/537.36"
[Thu Jul 21 2016 09:47:22 GMT-0400 (EDT)] "[31mGET[39m [31m/lib/swagger-oauth.js[39m" Error ([31m404[39m): "[31mNot found[39m"
[Thu Jul 21 2016 09:47:22 GMT-0400 (EDT)] "[31mGET[39m [31m/images/logo_small.png[39m" Error ([31m404[39m): "[31mNot found[39m"
[Thu Jul 21 2016 09:47:22 GMT-0400 (EDT)] "[36mGET[39m [36m/css/print.css[39m" "Mozilla/5.0 (Macintosh; Intel Mac OS X 10_11_4) AppleWebKit/537.36 (KHTML, like Gecko) Chrome/51.0.2704.103 Safari/537.36"
[Thu Jul 21 2016 09:47:22 GMT-0400 (EDT)] "[31mGET[39m [31m/css/print.css[39m" Error ([31m404[39m): "[31mNot found[39m"
[Thu Jul 21 2016 09:47:23 GMT-0400 (EDT)] "[36mGET[39m [36m/images/favicon-16x16.png[39m" "Mozilla/5.0 (Macintosh; Intel Mac OS X 10_11_4) AppleWebKit/537.36 (KHTML, like Gecko) Chrome/51.0.2704.103 Safari/537.36"
[Thu Jul 21 2016 09:47:23 GMT-0400 (EDT)] "[31mGET[39m [31m/images/favicon-16x16.png[39m" Error ([31m404[39m): "[31mNot found[39m"
[Thu Jul 21 2016 09:47:23 GMT-0400 (EDT)] "[36mGET[39m [36m/images/favicon-32x32.png[39m" "Mozilla/5.0 (Macintosh; Intel Mac OS X 10_11_4) AppleWebKit/537.36 (KHTML, like Gecko) Chrome/51.0.2704.103 Safari/537.36"
[Thu Jul 21 2016 09:47:23 GMT-0400 (EDT)] "[31mGET[39m [31m/images/favicon-32x32.png[39m" Error ([31m404[39m): "[31mNot found[39m"
[Thu Jul 21 2016 09:48:31 GMT-0400 (EDT)] "[36mGET[39m [36m/[39m" "Mozilla/5.0 (Macintosh; Intel Mac OS X 10_11_4) AppleWebKit/537.36 (KHTML, like Gecko) Chrome/51.0.2704.103 Safari/537.36"
[Thu Jul 21 2016 09:48:31 GMT-0400 (EDT)] "[36mGET[39m [36m/css/typography.css[39m" "Mozilla/5.0 (Macintosh; Intel Mac OS X 10_11_4) AppleWebKit/537.36 (KHTML, like Gecko) Chrome/51.0.2704.103 Safari/537.36"
[Thu Jul 21 2016 09:48:31 GMT-0400 (EDT)] "[36mGET[39m [36m/css/reset.css[39m" "Mozilla/5.0 (Macintosh; Intel Mac OS X 10_11_4) AppleWebKit/537.36 (KHTML, like Gecko) Chrome/51.0.2704.103 Safari/537.36"
[Thu Jul 21 2016 09:48:31 GMT-0400 (EDT)] "[36mGET[39m [36m/css/screen.css[39m" "Mozilla/5.0 (Macintosh; Intel Mac OS X 10_11_4) AppleWebKit/537.36 (KHTML, like Gecko) Chrome/51.0.2704.103 Safari/537.36"
[Thu Jul 21 2016 09:48:31 GMT-0400 (EDT)] "[36mGET[39m [36m/lib/object-assign-pollyfill.js[39m" "Mozilla/5.0 (Macintosh; Intel Mac OS X 10_11_4) AppleWebKit/537.36 (KHTML, like Gecko) Chrome/51.0.2704.103 Safari/537.36"
[Thu Jul 21 2016 09:48:31 GMT-0400 (EDT)] "[36mGET[39m [36m/lib/jquery-1.8.0.min.js[39m" "Mozilla/5.0 (Macintosh; Intel Mac OS X 10_11_4) AppleWebKit/537.36 (KHTML, like Gecko) Chrome/51.0.2704.103 Safari/537.36"
[Thu Jul 21 2016 09:48:31 GMT-0400 (EDT)] "[31mGET[39m [31m/css/typography.css[39m" Error ([31m404[39m): "[31mNot found[39m"
[Thu Jul 21 2016 09:48:31 GMT-0400 (EDT)] "[31mGET[39m [31m/css/reset.css[39m" Error ([31m404[39m): "[31mNot found[39m"
[Thu Jul 21 2016 09:48:31 GMT-0400 (EDT)] "[31mGET[39m [31m/css/screen.css[39m" Error ([31m404[39m): "[31mNot found[39m"
[Thu Jul 21 2016 09:48:31 GMT-0400 (EDT)] "[31mGET[39m [31m/lib/object-assign-pollyfill.js[39m" Error ([31m404[39m): "[31mNot found[39m"
[Thu Jul 21 2016 09:48:31 GMT-0400 (EDT)] "[31mGET[39m [31m/lib/jquery-1.8.0.min.js[39m" Error ([31m404[39m): "[31mNot found[39m"
[Thu Jul 21 2016 09:48:31 GMT-0400 (EDT)] "[36mGET[39m [36m/lib/jquery.slideto.min.js[39m" "Mozilla/5.0 (Macintosh; Intel Mac OS X 10_11_4) AppleWebKit/537.36 (KHTML, like Gecko) Chrome/51.0.2704.103 Safari/537.36"
[Thu Jul 21 2016 09:48:31 GMT-0400 (EDT)] "[36mGET[39m [36m/lib/jquery.wiggle.min.js[39m" "Mozilla/5.0 (Macintosh; Intel Mac OS X 10_11_4) AppleWebKit/537.36 (KHTML, like Gecko) Chrome/51.0.2704.103 Safari/537.36"
[Thu Jul 21 2016 09:48:31 GMT-0400 (EDT)] "[31mGET[39m [31m/lib/jquery.slideto.min.js[39m" Error ([31m404[39m): "[31mNot found[39m"
[Thu Jul 21 2016 09:48:31 GMT-0400 (EDT)] "[31mGET[39m [31m/lib/jquery.wiggle.min.js[39m" Error ([31m404[39m): "[31mNot found[39m"
[Thu Jul 21 2016 09:48:31 GMT-0400 (EDT)] "[36mGET[39m [36m/lib/jquery.ba-bbq.min.js[39m" "Mozilla/5.0 (Macintosh; Intel Mac OS X 10_11_4) AppleWebKit/537.36 (KHTML, like Gecko) Chrome/51.0.2704.103 Safari/537.36"
[Thu Jul 21 2016 09:48:31 GMT-0400 (EDT)] "[36mGET[39m [36m/lib/handlebars-2.0.0.js[39m" "Mozilla/5.0 (Macintosh; Intel Mac OS X 10_11_4) AppleWebKit/537.36 (KHTML, like Gecko) Chrome/51.0.2704.103 Safari/537.36"
[Thu Jul 21 2016 09:48:31 GMT-0400 (EDT)] "[36mGET[39m [36m/lib/lodash.min.js[39m" "Mozilla/5.0 (Macintosh; Intel Mac OS X 10_11_4) AppleWebKit/537.36 (KHTML, like Gecko) Chrome/51.0.2704.103 Safari/537.36"
[Thu Jul 21 2016 09:48:31 GMT-0400 (EDT)] "[36mGET[39m [36m/lib/backbone-min.js[39m" "Mozilla/5.0 (Macintosh; Intel Mac OS X 10_11_4) AppleWebKit/537.36 (KHTML, like Gecko) Chrome/51.0.2704.103 Safari/537.36"
[Thu Jul 21 2016 09:48:31 GMT-0400 (EDT)] "[31mGET[39m [31m/lib/jquery.ba-bbq.min.js[39m" Error ([31m404[39m): "[31mNot found[39m"
[Thu Jul 21 2016 09:48:31 GMT-0400 (EDT)] "[31mGET[39m [31m/lib/handlebars-2.0.0.js[39m" Error ([31m404[39m): "[31mNot found[39m"
[Thu Jul 21 2016 09:48:31 GMT-0400 (EDT)] "[31mGET[39m [31m/lib/lodash.min.js[39m" Error ([31m404[39m): "[31mNot found[39m"
[Thu Jul 21 2016 09:48:31 GMT-0400 (EDT)] "[31mGET[39m [31m/lib/backbone-min.js[39m" Error ([31m404[39m): "[31mNot found[39m"
[Thu Jul 21 2016 09:48:31 GMT-0400 (EDT)] "[36mGET[39m [36m/swagger-ui.js[39m" "Mozilla/5.0 (Macintosh; Intel Mac OS X 10_11_4) AppleWebKit/537.36 (KHTML, like Gecko) Chrome/51.0.2704.103 Safari/537.36"
[Thu Jul 21 2016 09:48:31 GMT-0400 (EDT)] "[36mGET[39m [36m/lib/highlight.9.1.0.pack.js[39m" "Mozilla/5.0 (Macintosh; Intel Mac OS X 10_11_4) AppleWebKit/537.36 (KHTML, like Gecko) Chrome/51.0.2704.103 Safari/537.36"
[Thu Jul 21 2016 09:48:31 GMT-0400 (EDT)] "[36mGET[39m [36m/lib/highlight.9.1.0.pack_extended.js[39m" "Mozilla/5.0 (Macintosh; Intel Mac OS X 10_11_4) AppleWebKit/537.36 (KHTML, like Gecko) Chrome/51.0.2704.103 Safari/537.36"
[Thu Jul 21 2016 09:48:31 GMT-0400 (EDT)] "[36mGET[39m [36m/lib/jsoneditor.min.js[39m" "Mozilla/5.0 (Macintosh; Intel Mac OS X 10_11_4) AppleWebKit/537.36 (KHTML, like Gecko) Chrome/51.0.2704.103 Safari/537.36"
[Thu Jul 21 2016 09:48:31 GMT-0400 (EDT)] "[36mGET[39m [36m/lib/marked.js[39m" "Mozilla/5.0 (Macintosh; Intel Mac OS X 10_11_4) AppleWebKit/537.36 (KHTML, like Gecko) Chrome/51.0.2704.103 Safari/537.36"
[Thu Jul 21 2016 09:48:31 GMT-0400 (EDT)] "[36mGET[39m [36m/lib/swagger-oauth.js[39m" "Mozilla/5.0 (Macintosh; Intel Mac OS X 10_11_4) AppleWebKit/537.36 (KHTML, like Gecko) Chrome/51.0.2704.103 Safari/537.36"
[Thu Jul 21 2016 09:48:31 GMT-0400 (EDT)] "[31mGET[39m [31m/swagger-ui.js[39m" Error ([31m404[39m): "[31mNot found[39m"
[Thu Jul 21 2016 09:48:31 GMT-0400 (EDT)] "[31mGET[39m [31m/lib/highlight.9.1.0.pack.js[39m" Error ([31m404[39m): "[31mNot found[39m"
[Thu Jul 21 2016 09:48:31 GMT-0400 (EDT)] "[31mGET[39m [31m/lib/highlight.9.1.0.pack_extended.js[39m" Error ([31m404[39m): "[31mNot found[39m"
[Thu Jul 21 2016 09:48:31 GMT-0400 (EDT)] "[31mGET[39m [31m/lib/jsoneditor.min.js[39m" Error ([31m404[39m): "[31mNot found[39m"
[Thu Jul 21 2016 09:48:31 GMT-0400 (EDT)] "[31mGET[39m [31m/lib/marked.js[39m" Error ([31m404[39m): "[31mNot found[39m"
[Thu Jul 21 2016 09:48:31 GMT-0400 (EDT)] "[31mGET[39m [31m/lib/swagger-oauth.js[39m" Error ([31m404[39m): "[31mNot found[39m"
[Thu Jul 21 2016 09:48:32 GMT-0400 (EDT)] "[36mGET[39m [36m/images/logo_small.png[39m" "Mozilla/5.0 (Macintosh; Intel Mac OS X 10_11_4) AppleWebKit/537.36 (KHTML, like Gecko) Chrome/51.0.2704.103 Safari/537.36"
[Thu Jul 21 2016 09:48:32 GMT-0400 (EDT)] "[31mGET[39m [31m/images/logo_small.png[39m" Error ([31m404[39m): "[31mNot found[39m"
[Thu Jul 21 2016 09:48:32 GMT-0400 (EDT)] "[36mGET[39m [36m/css/print.css[39m" "Mozilla/5.0 (Macintosh; Intel Mac OS X 10_11_4) AppleWebKit/537.36 (KHTML, like Gecko) Chrome/51.0.2704.103 Safari/537.36"
[Thu Jul 21 2016 09:48:32 GMT-0400 (EDT)] "[31mGET[39m [31m/css/print.css[39m" Error ([31m404[39m): "[31mNot found[39m"
